<?xml version="1.0" encoding="UTF-8"?>
<!-- Generated by org.testng.reporters.JUnitReportReporter -->
<testsuite hostname="Raj" failures="0" tests="1" name="test_verify.testNG_test_class" time="38.123" errors="0" timestamp="2022-08-05T20:43:52 IST" skipped="0">
  <testcase classname="test_verify.testNG_test_class" name="verify" time="38.123"/>
  <system-out/>
</testsuite> <!-- test_verify.testNG_test_class -->
